
Showing logs for build [32mcb-kubecd-bdd-gh-1568394158-pr-1[0m stage [32mmeta-pipeline[0m and container [32mstep-credential-initializer-kvwmw[0m
{"level":"warn","ts":1568394882.7301352,"logger":"fallback-logger","caller":"logging/config.go:69","msg":"Fetch GitHub commit ID from kodata failed: \"ref: refs/heads/master\" is not a valid GitHub commit ID"}
{"level":"info","ts":1568394882.730876,"logger":"fallback-logger","caller":"creds-init/main.go:40","msg":"Credentials initialized."}

Showing logs for build [32mcb-kubecd-bdd-gh-1568394158-pr-1[0m stage [32mmeta-pipeline[0m and container [32mstep-working-dir-initializer-9bmfb[0m
{"level":"warn","ts":1568394884.1683965,"logger":"fallback-logger","caller":"logging/config.go:69","msg":"Fetch GitHub commit ID from kodata failed: open /var/run/ko/HEAD: no such file or directory"}
{"level":"info","ts":1568394884.1711013,"logger":"fallback-logger","caller":"bash/main.go:65","msg":"Successfully executed command \"mkdir -p /workspace/source\""}

Showing logs for build [32mcb-kubecd-bdd-gh-1568394158-pr-1[0m stage [32mmeta-pipeline[0m and container [32mstep-place-tools[0m

Showing logs for build [32mcb-kubecd-bdd-gh-1568394158-pr-1[0m stage [32mmeta-pipeline[0m and container [32mstep-git-source-meta-cb-kubecd-bdd-gh-156839415-n77nh[0m
{"level":"warn","ts":1568394890.3115466,"logger":"fallback-logger","caller":"logging/config.go:69","msg":"Fetch GitHub commit ID from kodata failed: \"ref: refs/heads/master\" is not a valid GitHub commit ID"}
{"level":"info","ts":1568394891.3774817,"logger":"fallback-logger","caller":"git/git.go:102","msg":"Successfully cloned https://github.com/cb-kubecd/bdd-gh-1568394158.git @ bbd0e13bcc81d5b33442e2aa558152a0c12b5227 in path /workspace/source"}

Showing logs for build [32mcb-kubecd-bdd-gh-1568394158-pr-1[0m stage [32mmeta-pipeline[0m and container [32mstep-git-merge[0m
Using SHAs from PULL_REFS=master:bbd0e13bcc81d5b33442e2aa558152a0c12b5227,1:ebd59f23fa30f317b5ba4b448115979445be691c
DEBUG: ran git fetch --unshallow origin ebd59f23fa30f317b5ba4b448115979445be691c: bbd0e13bcc81d5b33442e2aa558152a0c12b5227: in 
DEBUG: ran git checkout master in 
DEBUG: ran git reset --hard bbd0e13bcc81d5b33442e2aa558152a0c12b5227 in 
DEBUG: ran clean --force -d . in 
DEBUG: ran git merge ebd59f23fa30f317b5ba4b448115979445be691c in 
Merged SHA ebd59f23fa30f317b5ba4b448115979445be691c with commit message 'My first PR commit' into base branch master

Showing logs for build [32mcb-kubecd-bdd-gh-1568394158-pr-1[0m stage [32mmeta-pipeline[0m and container [32mstep-merge-pull-refs[0m
DEBUG: ran git fetch origin ebd59f23fa30f317b5ba4b448115979445be691c: bbd0e13bcc81d5b33442e2aa558152a0c12b5227: in 
DEBUG: Unshallowed git repo in 
DEBUG: ran git checkout master in 
DEBUG: ran git reset --hard bbd0e13bcc81d5b33442e2aa558152a0c12b5227 in 
DEBUG: ran clean --force -d . in 
DEBUG: ran git merge ebd59f23fa30f317b5ba4b448115979445be691c in 
Merged SHA ebd59f23fa30f317b5ba4b448115979445be691c with commit message 'My first PR commit' into base branch master

Showing logs for build [32mcb-kubecd-bdd-gh-1568394158-pr-1[0m stage [32mmeta-pipeline[0m and container [32mstep-create-effective-pipeline[0m
Deleting and cloning the Jenkins X versions repo
Cloning the Jenkins X versions repo https://github.com/jenkins-x/jenkins-x-versions.git with ref refs/heads/master to /builder/home/.**/jenkins-x-versions
Effective pipeline written to jenkins-x-serverless-jenkins-effective.yml

Showing logs for build [32mcb-kubecd-bdd-gh-1568394158-pr-1[0m stage [32mmeta-pipeline[0m and container [32mstep-create-tekton-crds[0m
PipelineActivity for cb-kubecd-bdd-gh-1568394158-PR-1-1
Applying changes 
upserted PipelineResource cb-kubecd-bdd-gh-1568394158-pr for the git repository https://github.com/cb-kubecd/bdd-gh-1568394158.git
upserted Task cb-kubecd-bdd-gh-1568394158-pr-from-build-pack-1
upserted Pipeline cb-kubecd-bdd-gh-1568394158-pr-1
created PipelineRun cb-kubecd-bdd-gh-1568394158-pr-1
created PipelineStructure cb-kubecd-bdd-gh-1568394158-pr-1

Showing logs for build [32mcb-kubecd-bdd-gh-1568394158-pr-1[0m stage [32mfrom-build-pack[0m and container [32mstep-credential-initializer-cqgq2[0m
{"level":"warn","ts":1568394903.3392599,"logger":"fallback-logger","caller":"logging/config.go:69","msg":"Fetch GitHub commit ID from kodata failed: \"ref: refs/heads/master\" is not a valid GitHub commit ID"}
{"level":"info","ts":1568394903.3398294,"logger":"fallback-logger","caller":"creds-init/main.go:40","msg":"Credentials initialized."}

Showing logs for build [32mcb-kubecd-bdd-gh-1568394158-pr-1[0m stage [32mfrom-build-pack[0m and container [32mstep-working-dir-initializer-8zp5r[0m
{"level":"warn","ts":1568394904.7032225,"logger":"fallback-logger","caller":"logging/config.go:69","msg":"Fetch GitHub commit ID from kodata failed: open /var/run/ko/HEAD: no such file or directory"}
{"level":"info","ts":1568394904.7052474,"logger":"fallback-logger","caller":"bash/main.go:65","msg":"Successfully executed command \"mkdir -p /workspace/source /workspace/source/charts/preview\""}

Showing logs for build [32mcb-kubecd-bdd-gh-1568394158-pr-1[0m stage [32mfrom-build-pack[0m and container [32mstep-place-tools[0m

Showing logs for build [32mcb-kubecd-bdd-gh-1568394158-pr-1[0m stage [32mfrom-build-pack[0m and container [32mstep-git-source-cb-kubecd-bdd-gh-1568394158-pr-9hxxb[0m
{"level":"warn","ts":1568394910.891348,"logger":"fallback-logger","caller":"logging/config.go:69","msg":"Fetch GitHub commit ID from kodata failed: \"ref: refs/heads/master\" is not a valid GitHub commit ID"}
{"level":"info","ts":1568394911.96092,"logger":"fallback-logger","caller":"git/git.go:102","msg":"Successfully cloned https://github.com/cb-kubecd/bdd-gh-1568394158.git @ master in path /workspace/source"}

Showing logs for build [32mcb-kubecd-bdd-gh-1568394158-pr-1[0m stage [32mfrom-build-pack[0m and container [32mstep-git-merge[0m
Using SHAs from PULL_REFS=master:bbd0e13bcc81d5b33442e2aa558152a0c12b5227,1:ebd59f23fa30f317b5ba4b448115979445be691c
DEBUG: ran git fetch --unshallow origin ebd59f23fa30f317b5ba4b448115979445be691c: bbd0e13bcc81d5b33442e2aa558152a0c12b5227: in 
DEBUG: ran git checkout master in 
DEBUG: ran git reset --hard bbd0e13bcc81d5b33442e2aa558152a0c12b5227 in 
DEBUG: ran clean --force -d . in 
DEBUG: ran git merge ebd59f23fa30f317b5ba4b448115979445be691c in 
Merged SHA ebd59f23fa30f317b5ba4b448115979445be691c with commit message 'My first PR commit' into base branch master

Showing logs for build [32mcb-kubecd-bdd-gh-1568394158-pr-1[0m stage [32mfrom-build-pack[0m and container [32mstep-build-make-linux[0m
CGO_ENABLED=0 GOOS=linux GOARCH=amd64 GO15VENDOREXPERIMENT=1 go build -ldflags '' -o bin/bdd-gh-1568394158 main.go

Showing logs for build [32mcb-kubecd-bdd-gh-1568394158-pr-1[0m stage [32mfrom-build-pack[0m and container [32mstep-build-container-build[0m
[36mINFO[0m[0000] No base image, nothing to extract            
[36mINFO[0m[0000] cmd: EXPOSE                                  
[36mINFO[0m[0000] Adding exposed port: 8080/tcp                
[36mINFO[0m[0000] Using files from context: [/workspace/source/bin] 
[36mINFO[0m[0000] Skipping unpacking as no commands require it. 
[36mINFO[0m[0000] Taking snapshot of full filesystem...        
[36mINFO[0m[0000] EXPOSE 8080                                  
[36mINFO[0m[0000] cmd: EXPOSE                                  
[36mINFO[0m[0000] Adding exposed port: 8080/tcp                
[36mINFO[0m[0000] No files changed in this command, skipping snapshotting. 
[36mINFO[0m[0000] ENTRYPOINT ["/bdd-gh-1568394158"]            
[36mINFO[0m[0000] No files changed in this command, skipping snapshotting. 
[36mINFO[0m[0000] Using files from context: [/workspace/source/bin] 
[36mINFO[0m[0000] COPY ./bin/ /                                
[36mINFO[0m[0000] Taking snapshot of files...                  
2019/09/13 17:15:25 pushed blob: sha256:b425896963994560bbe0263e8e2a4114dd6ee02f64b9bec2e62fd496a95cc80d
2019/09/13 17:15:27 pushed blob: sha256:758e8400d085d4d98a45fa2825666bd90c8ff8cc50f2e0b37ccf40ec2abf7000
2019/09/13 17:15:29 gcr.io/jenkins-x-bdd3/bdd-gh-1568394158:0.0.0-SNAPSHOT-PR-1-1: digest: sha256:6b04174ace22d00fb25ab7623ce635b7df51575ca2e04bd1d282ecbe16350f1b size: 428

Showing logs for build [32mcb-kubecd-bdd-gh-1568394158-pr-1[0m stage [32mfrom-build-pack[0m and container [32mstep-postbuild-post-build[0m
no CVE provider running in the current ** namespace so skip adding image to be analysed

Showing logs for build [32mcb-kubecd-bdd-gh-1568394158-pr-1[0m stage [32mfrom-build-pack[0m and container [32mstep-promote-make-preview[0m
sed -i -e "s/version:.*/version: 0.0.0-SNAPSHOT-PR-1-1/" Chart.yaml
sed -i -e "s/version:.*/version: 0.0.0-SNAPSHOT-PR-1-1/" ../*/Chart.yaml
sed -i -e "s|repository:.*|repository: gcr.io\/jenkins-x-bdd3\/bdd-gh-1568394158|" values.yaml
sed -i -e "s/tag:.*/tag: 0.0.0-SNAPSHOT-PR-1-1/" values.yaml
echo "  version: 0.0.0-SNAPSHOT-PR-1-1" >> requirements.yaml
** step helm build
WARNING: No $CHART_REPOSITORY defined so using the default value of: http://jenkins-x-chartmuseum:8080
Adding missing Helm repo: storage.googleapis.com https://storage.googleapis.com/chartmuseum.jenkins-x.io
Successfully added Helm repository storage.googleapis.com.
Adding missing Helm repo: jenkins-x-chartmuseum http://jenkins-x-chartmuseum:8080
Successfully added Helm repository jenkins-x-chartmuseum.
WARNING: No $CHART_REPOSITORY defined so using the default value of: http://jenkins-x-chartmuseum:8080
Adding missing Helm repo: chartmuseum.jenkins-x.io http://chartmuseum.jenkins-x.io
Successfully added Helm repository chartmuseum.jenkins-x.io.

Showing logs for build [32mcb-kubecd-bdd-gh-1568394158-pr-1[0m stage [32mfrom-build-pack[0m and container [32mstep-promote-jx-preview[0m
Creating a preview
WARNING: No author for commit: ebd59f23fa30f317b5ba4b448115979445be691c
Created environment cb-kubecd-bdd-gh-1568394158-pr-1
Namespace **-cb-kubecd-bdd-gh-1568394158-pr-1 created 
expose:
  Annotations:
    helm.sh/hook: post-install,post-upgrade
    helm.sh/hook-delete-policy: hook-succeeded
  config:
    domain: 23.251.134.162.nip.io
    exposer: Ingress
    http: "true"
preview:
  image:
    repository: gcr.io/jenkins-x-bdd3/bdd-gh-1568394158
    tag: 0.0.0-SNAPSHOT-PR-1-1
Deleting and cloning the Jenkins X versions repo
Cloning the Jenkins X versions repo https://github.com/jenkins-x/jenkins-x-versions.git with ref refs/heads/master to /builder/home/.**/jenkins-x-versions


Updating PipelineActivities cb-kubecd-bdd-gh-1568394158-pr-1-1 which has status Running
Preview application is now available at: http://bdd-gh-1568394158.**-cb-kubecd-bdd-gh-1568394158-pr-1.23.251.134.162.nip.io
